1				       1
2				      10
3				      11
4				     100
8				    1000
12				    1100
5				     101
10				    1010
15				    1111
6				     110
11				    1011
13				    1101
7				     111
9				    1001
14				    1110
16				   10000
32				  100000
48				  110000
17				   10001
34				  100010
51				  110011
18				   10010
35				  100011
49				  110001
19				   10011
33				  100001
50				  110010
20				   10100
40				  101000
60				  111100
21				   10101
42				  101010
63				  111111
22				   10110
43				  101011
61				  111101
23				   10111
41				  101001
62				  111110
24				   11000
44				  101100
52				  110100
25				   11001
46				  101110
55				  110111
26				   11010
47				  101111
53				  110101
27				   11011
45				  101101
54				  110110
28				   11100
36				  100100
56				  111000
29				   11101
38				  100110
59				  111011
30				   11110
39				  100111
57				  111001
31				   11111
37				  100101
58				  111010
64				 1000000
128				10000000
192				11000000
65				 1000001
130				10000010
195				11000011
66				 1000010
131				10000011
193				11000001
67				 1000011
129				10000001
194				11000010
68				 1000100
136				10001000
204				11001100
69				 1000101
138				10001010
207				11001111
70				 1000110
139				10001011
205				11001101
71				 1000111
137				10001001
206				11001110
72				 1001000
140				10001100
196				11000100
73				 1001001
142				10001110
199				11000111
74				 1001010
143				10001111
197				11000101
75				 1001011
141				10001101
198				11000110
76				 1001100
132				10000100
200				11001000
77				 1001101
134				10000110
203				11001011
78				 1001110
135				10000111
201				11001001
79				 1001111
133				10000101
202				11001010
80				 1010000
160				10100000
240				11110000
81				 1010001
162				10100010
243				11110011
82				 1010010
163				10100011
241				11110001
83				 1010011
161				10100001
242				11110010
84				 1010100
168				10101000
252				11111100
85				 1010101
170				10101010
255				11111111
86				 1010110
171				10101011
253				11111101
87				 1010111
169				10101001
254				11111110
88				 1011000
172				10101100
244				11110100
89				 1011001
174				10101110
247				11110111
90				 1011010
175				10101111
245				11110101
91				 1011011
173				10101101
246				11110110
92				 1011100
164				10100100
248				11111000
93				 1011101
166				10100110
251				11111011
94				 1011110
167				10100111
249				11111001
95				 1011111
165				10100101
250				11111010
96				 1100000
176				10110000
208				11010000
97				 1100001
178				10110010
211				11010011
98				 1100010
179				10110011
209				11010001
99				 1100011
177				10110001
210				11010010
100				 1100100
184				10111000
220				11011100
101				 1100101
186				10111010
223				11011111
102				 1100110
187				10111011
221				11011101
103				 1100111
185				10111001
222				11011110
104				 1101000
188				10111100
212				11010100
105				 1101001
190				10111110
215				11010111
106				 1101010
191				10111111
213				11010101
107				 1101011
189				10111101
214				11010110
108				 1101100
180				10110100
216				11011000
109				 1101101
182				10110110
219				11011011
110				 1101110
183				10110111
217				11011001
111				 1101111
181				10110101
218				11011010
112				 1110000
144				10010000
224				11100000
113				 1110001
146				10010010
227				11100011
114				 1110010
147				10010011
225				11100001
115				 1110011
145				10010001
226				11100010
116				 1110100
152				10011000
236				11101100
117				 1110101
154				10011010
239				11101111
118				 1110110
155				10011011
237				11101101
119				 1110111
153				10011001
238				11101110
120				 1111000
156				10011100
228				11100100
121				 1111001
158				10011110
231				11100111
122				 1111010
159				10011111
229				11100101
123				 1111011
157				10011101
230				11100110
124				 1111100
148				10010100
232				11101000
125				 1111101
150				10010110
235				11101011
126				 1111110
151				10010111
233				11101001
127				 1111111
149				10010101
234				11101010
256				100000000
512				1000000000
768				1100000000
257				100000001
514				1000000010
771				1100000011
258				100000010
515				1000000011
769				1100000001
259				100000011
513				1000000001
770				1100000010
260				100000100
520				1000001000
780				1100001100
261				100000101
522				1000001010
783				1100001111
262				100000110
523				1000001011
781				1100001101
263				100000111
521				1000001001
782				1100001110
264				100001000
524				1000001100
772				1100000100
265				100001001
526				1000001110
775				1100000111
266				100001010
527				1000001111
773				1100000101
267				100001011
525				1000001101
774				1100000110
268				100001100
516				1000000100
776				1100001000
269				100001101
518				1000000110
779				1100001011
270				100001110
519				1000000111
777				1100001001
271				100001111
517				1000000101
778				1100001010
272				100010000
544				1000100000
816				1100110000
273				100010001
546				1000100010
819				1100110011
274				100010010
547				1000100011
817				1100110001
275				100010011
545				1000100001
818				1100110010
276				100010100
552				1000101000
828				1100111100
277				100010101
554				1000101010
831				1100111111
278				100010110
555				1000101011
829				1100111101
279				100010111
553				1000101001
830				1100111110
280				100011000
556				1000101100
820				1100110100
281				100011001
558				1000101110
823				1100110111
282				100011010
559				1000101111
821				1100110101
283				100011011
557				1000101101
822				1100110110
284				100011100
548				1000100100
824				1100111000
285				100011101
550				1000100110
827				1100111011
286				100011110
551				1000100111
825				1100111001
287				100011111
549				1000100101
826				1100111010
288				100100000
560				1000110000
784				1100010000
289				100100001
562				1000110010
787				1100010011
290				100100010
563				1000110011
785				1100010001
291				100100011
561				1000110001
786				1100010010
292				100100100
568				1000111000
796				1100011100
293				100100101
570				1000111010
799				1100011111
294				100100110
571				1000111011
797				1100011101
295				100100111
569				1000111001
798				1100011110
296				100101000
572				1000111100
788				1100010100
297				100101001
574				1000111110
791				1100010111
298				100101010
575				1000111111
789				1100010101
299				100101011
573				1000111101
790				1100010110
300				100101100
564				1000110100
792				1100011000
301				100101101
566				1000110110
795				1100011011
302				100101110
567				1000110111
793				1100011001
303				100101111
565				1000110101
794				1100011010
304				100110000
528				1000010000
800				1100100000
305				100110001
530				1000010010
803				1100100011
306				100110010
531				1000010011
801				1100100001
307				100110011
529				1000010001
802				1100100010
308				100110100
536				1000011000
812				1100101100
309				100110101
538				1000011010
815				1100101111
310				100110110
539				1000011011
813				1100101101
311				100110111
537				1000011001
814				1100101110
312				100111000
540				1000011100
804				1100100100
313				100111001
542				1000011110
807				1100100111
314				100111010
543				1000011111
805				1100100101
315				100111011
541				1000011101
806				1100100110
316				100111100
532				1000010100
808				1100101000
317				100111101
534				1000010110
811				1100101011
318				100111110
535				1000010111
809				1100101001
319				100111111
533				1000010101
810				1100101010
320				101000000
640				1010000000
960				1111000000
321				101000001
642				1010000010
963				1111000011
322				101000010
643				1010000011
961				1111000001
323				101000011
641				1010000001
962				1111000010
324				101000100
648				1010001000
972				1111001100
325				101000101
650				1010001010
975				1111001111
326				101000110
651				1010001011
973				1111001101
327				101000111
649				1010001001
974				1111001110
328				101001000
652				1010001100
964				1111000100
329				101001001
654				1010001110
967				1111000111
330				101001010
655				1010001111
965				1111000101
331				101001011
653				1010001101
966				1111000110
332				101001100
644				1010000100
968				1111001000
333				101001101
646				1010000110
971				1111001011
334				101001110
647				1010000111
969				1111001001
335				101001111
645				1010000101
970				1111001010
336				101010000
672				1010100000
1008				1111110000
337				101010001
674				1010100010
1011				1111110011
338				101010010
675				1010100011
1009				1111110001
339				101010011
673				1010100001
1010				1111110010
340				101010100
680				1010101000
1020				1111111100
341				101010101
682				1010101010
1023				1111111111
342				101010110
683				1010101011
1021				1111111101
343				101010111
681				1010101001
1022				1111111110
344				101011000
684				1010101100
1012				1111110100
345				101011001
686				1010101110
1015				1111110111
346				101011010
687				1010101111
1013				1111110101
347				101011011
685				1010101101
1014				1111110110
348				101011100
676				1010100100
1016				1111111000
349				101011101
678				1010100110
1019				1111111011
350				101011110
679				1010100111
1017				1111111001
351				101011111
677				1010100101
1018				1111111010
352				101100000
688				1010110000
976				1111010000
353				101100001
690				1010110010
979				1111010011
354				101100010
691				1010110011
977				1111010001
355				101100011
689				1010110001
978				1111010010
356				101100100
696				1010111000
988				1111011100
357				101100101
698				1010111010
991				1111011111
358				101100110
699				1010111011
989				1111011101
359				101100111
697				1010111001
990				1111011110
360				101101000
700				1010111100
980				1111010100
361				101101001
702				1010111110
983				1111010111
362				101101010
703				1010111111
981				1111010101
363				101101011
701				1010111101
982				1111010110
364				101101100
692				1010110100
984				1111011000
365				101101101
694				1010110110
987				1111011011
366				101101110
695				1010110111
985				1111011001
367				101101111
693				1010110101
986				1111011010
368				101110000
656				1010010000
992				1111100000
369				101110001
658				1010010010
995				1111100011
370				101110010
659				1010010011
993				1111100001
371				101110011
657				1010010001
994				1111100010
372				101110100
664				1010011000
1004				1111101100
373				101110101
666				1010011010
1007				1111101111
374				101110110
667				1010011011
1005				1111101101
375				101110111
665				1010011001
1006				1111101110
376				101111000
668				1010011100
996				1111100100
377				101111001
670				1010011110
999				1111100111
378				101111010
671				1010011111
997				1111100101
379				101111011
669				1010011101
998				1111100110
380				101111100
660				1010010100
1000				1111101000
381				101111101
662				1010010110
1003				1111101011
382				101111110
663				1010010111
1001				1111101001
383				101111111
661				1010010101
1002				1111101010
384				110000000
704				1011000000
832				1101000000
385				110000001
706				1011000010
835				1101000011
386				110000010
707				1011000011
833				1101000001
387				110000011
705				1011000001
834				1101000010
388				110000100
712				1011001000
844				1101001100
389				110000101
714				1011001010
847				1101001111
390				110000110
715				1011001011
845				1101001101
391				110000111
713				1011001001
846				1101001110
392				110001000
716				1011001100
836				1101000100
393				110001001
718				1011001110
839				1101000111
394				110001010
719				1011001111
837				1101000101
395				110001011
717				1011001101
838				1101000110
396				110001100
708				1011000100
840				1101001000
397				110001101
710				1011000110
843				1101001011
398				110001110
711				1011000111
841				1101001001
399				110001111
709				1011000101
842				1101001010
400				110010000
736				1011100000
880				1101110000
401				110010001
738				1011100010
883				1101110011
402				110010010
739				1011100011
881				1101110001
403				110010011
737				1011100001
882				1101110010
404				110010100
744				1011101000
892				1101111100
405				110010101
746				1011101010
895				1101111111
406				110010110
747				1011101011
893				1101111101
407				110010111
745				1011101001
894				1101111110
408				110011000
748				1011101100
884				1101110100
409				110011001
750				1011101110
887				1101110111
410				110011010
751				1011101111
885				1101110101
411				110011011
749				1011101101
886				1101110110
412				110011100
740				1011100100
888				1101111000
413				110011101
742				1011100110
891				1101111011
414				110011110
743				1011100111
889				1101111001
415				110011111
741				1011100101
890				1101111010
416				110100000
752				1011110000
848				1101010000
417				110100001
754				1011110010
851				1101010011
418				110100010
755				1011110011
849				1101010001
419				110100011
753				1011110001
850				1101010010
420				110100100
760				1011111000
860				1101011100
421				110100101
762				1011111010
863				1101011111
422				110100110
763				1011111011
861				1101011101
423				110100111
761				1011111001
862				1101011110
424				110101000
764				1011111100
852				1101010100
425				110101001
766				1011111110
855				1101010111
426				110101010
767				1011111111
853				1101010101
427				110101011
765				1011111101
854				1101010110
428				110101100
756				1011110100
856				1101011000
429				110101101
758				1011110110
859				1101011011
430				110101110
759				1011110111
857				1101011001
431				110101111
757				1011110101
858				1101011010
432				110110000
720				1011010000
864				1101100000
433				110110001
722				1011010010
867				1101100011
434				110110010
723				1011010011
865				1101100001
435				110110011
721				1011010001
866				1101100010
436				110110100
728				1011011000
876				1101101100
437				110110101
730				1011011010
879				1101101111
438				110110110
731				1011011011
877				1101101101
439				110110111
729				1011011001
878				1101101110
440				110111000
732				1011011100
868				1101100100
441				110111001
734				1011011110
871				1101100111
442				110111010
735				1011011111
869				1101100101
443				110111011
733				1011011101
870				1101100110
444				110111100
724				1011010100
872				1101101000
445				110111101
726				1011010110
875				1101101011
446				110111110
727				1011010111
873				1101101001
447				110111111
725				1011010101
874				1101101010
448				111000000
576				1001000000
896				1110000000
449				111000001
578				1001000010
899				1110000011
450				111000010
579				1001000011
897				1110000001
451				111000011
577				1001000001
898				1110000010
452				111000100
584				1001001000
908				1110001100
453				111000101
586				1001001010
911				1110001111
454				111000110
587				1001001011
909				1110001101
455				111000111
585				1001001001
910				1110001110
456				111001000
588				1001001100
900				1110000100
457				111001001
590				1001001110
903				1110000111
458				111001010
591				1001001111
901				1110000101
459				111001011
589				1001001101
902				1110000110
460				111001100
580				1001000100
904				1110001000
461				111001101
582				1001000110
907				1110001011
462				111001110
583				1001000111
905				1110001001
463				111001111
581				1001000101
906				1110001010
464				111010000
608				1001100000
944				1110110000
465				111010001
610				1001100010
947				1110110011
466				111010010
611				1001100011
945				1110110001
467				111010011
609				1001100001
946				1110110010
468				111010100
616				1001101000
956				1110111100
469				111010101
618				1001101010
959				1110111111
470				111010110
619				1001101011
957				1110111101
471				111010111
617				1001101001
958				1110111110
472				111011000
620				1001101100
948				1110110100
473				111011001
622				1001101110
951				1110110111
474				111011010
623				1001101111
949				1110110101
475				111011011
621				1001101101
950				1110110110
476				111011100
612				1001100100
952				1110111000
477				111011101
614				1001100110
955				1110111011
478				111011110
615				1001100111
953				1110111001
479				111011111
613				1001100101
954				1110111010
480				111100000
624				1001110000
912				1110010000
481				111100001
626				1001110010
915				1110010011
482				111100010
627				1001110011
913				1110010001
483				111100011
625				1001110001
914				1110010010
484				111100100
632				1001111000
924				1110011100
485				111100101
634				1001111010
927				1110011111
486				111100110
635				1001111011
925				1110011101
487				111100111
633				1001111001
926				1110011110
488				111101000
636				1001111100
916				1110010100
489				111101001
638				1001111110
919				1110010111
490				111101010
639				1001111111
917				1110010101
491				111101011
637				1001111101
918				1110010110
492				111101100
628				1001110100
920				1110011000
493				111101101
630				1001110110
923				1110011011
494				111101110
631				1001110111
921				1110011001
495				111101111
629				1001110101
922				1110011010
496				111110000
592				1001010000
928				1110100000
497				111110001
594				1001010010
931				1110100011
498				111110010
595				1001010011
929				1110100001
499				111110011
593				1001010001
930				1110100010
500				111110100
600				1001011000
940				1110101100
501				111110101
602				1001011010
943				1110101111
502				111110110
603				1001011011
941				1110101101
503				111110111
601				1001011001
942				1110101110
504				111111000
604				1001011100
932				1110100100
505				111111001
606				1001011110
935				1110100111
506				111111010
607				1001011111
933				1110100101
507				111111011
605				1001011101
934				1110100110
508				111111100
596				1001010100
936				1110101000
509				111111101
598				1001010110
939				1110101011
510				111111110
599				1001010111
937				1110101001
511				111111111
597				1001010101
938				1110101010
1024				10000000000
2048				100000000000
3072				110000000000
1025				10000000001
2050				100000000010
3075				110000000011
1026				10000000010
2051				100000000011
3073				110000000001
1027				10000000011
2049				100000000001
3074				110000000010
1028				10000000100
2056				100000001000
3084				110000001100
1029				10000000101
2058				100000001010
3087				110000001111
1030				10000000110
2059				100000001011
3085				110000001101
1031				10000000111
2057				100000001001
3086				110000001110
1032				10000001000
2060				100000001100
3076				110000000100
1033				10000001001
2062				100000001110
3079				110000000111
1034				10000001010
2063				100000001111
3077				110000000101
1035				10000001011
2061				100000001101
3078				110000000110
1036				10000001100
2052				100000000100
3080				110000001000
1037				10000001101
2054				100000000110
3083				110000001011
1038				10000001110
2055				100000000111
3081				110000001001
1039				10000001111
2053				100000000101
3082				110000001010
1040				10000010000
2080				100000100000
3120				110000110000
1041				10000010001
2082				100000100010
3123				110000110011
1042				10000010010
2083				100000100011
3121				110000110001
1043				10000010011
2081				100000100001
3122				110000110010
1044				10000010100
2088				100000101000
3132				110000111100
1045				10000010101
2090				100000101010
3135				110000111111
1046				10000010110
2091				100000101011
3133				110000111101
1047				10000010111
2089				100000101001
3134				110000111110
1048				10000011000
2092				100000101100
3124				110000110100
1049				10000011001
2094				100000101110
3127				110000110111
1050				10000011010
2095				100000101111
3125				110000110101
1051				10000011011
2093				100000101101
3126				110000110110
1052				10000011100
2084				100000100100
3128				110000111000
1053				10000011101
2086				100000100110
3131				110000111011
1054				10000011110
2087				100000100111
3129				110000111001
1055				10000011111
2085				100000100101
3130				110000111010
1056				10000100000
2096				100000110000
3088				110000010000
1057				10000100001
2098				100000110010
3091				110000010011
1058				10000100010
2099				100000110011
3089				110000010001
1059				10000100011
2097				100000110001
3090				110000010010
1060				10000100100
2104				100000111000
3100				110000011100
1061				10000100101
2106				100000111010
3103				110000011111
1062				10000100110
2107				100000111011
3101				110000011101
1063				10000100111
2105				100000111001
3102				110000011110
1064				10000101000
2108				100000111100
3092				110000010100
1065				10000101001
2110				100000111110
3095				110000010111
1066				10000101010
2111				100000111111
3093				110000010101
1067				10000101011
2109				100000111101
3094				110000010110
1068				10000101100
2100				100000110100
3096				110000011000
1069				10000101101
2102				100000110110
3099				110000011011
1070				10000101110
2103				100000110111
3097				110000011001
1071				10000101111
2101				100000110101
3098				110000011010
1072				10000110000
2064				100000010000
3104				110000100000
1073				10000110001
2066				100000010010
3107				110000100011
1074				10000110010
2067				100000010011
3105				110000100001
1075				10000110011
2065				100000010001
3106				110000100010
1076				10000110100
2072				100000011000
3116				110000101100
1077				10000110101
2074				100000011010
3119				110000101111
1078				10000110110
2075				100000011011
3117				110000101101
1079				10000110111
2073				100000011001
3118				110000101110
1080				10000111000
2076				100000011100
3108				110000100100
1081				10000111001
2078				100000011110
3111				110000100111
1082				10000111010
2079				100000011111
3109				110000100101
1083				10000111011
2077				100000011101
3110				110000100110
1084				10000111100
2068				100000010100
3112				110000101000
1085				10000111101
2070				100000010110
3115				110000101011
1086				10000111110
2071				100000010111
3113				110000101001
1087				10000111111
2069				100000010101
3114				110000101010
1088				10001000000
2176				100010000000
3264				110011000000
1089				10001000001
2178				100010000010
3267				110011000011
1090				10001000010
2179				100010000011
3265				110011000001
1091				10001000011
2177				100010000001
3266				110011000010
1092				10001000100
2184				100010001000
3276				110011001100
1093				10001000101
2186				100010001010
3279				110011001111
1094				10001000110
2187				100010001011
3277				110011001101
1095				10001000111
2185				100010001001
3278				110011001110
1096				10001001000
2188				100010001100
3268				110011000100
1097				10001001001
2190				100010001110
3271				110011000111
1098				10001001010
2191				100010001111
3269				110011000101
1099				10001001011
2189				100010001101
3270				110011000110
1100				10001001100
2180				100010000100
3272				110011001000
1101				10001001101
2182				100010000110
3275				110011001011
1102				10001001110
2183				100010000111
3273				110011001001
1103				10001001111
2181				100010000101
3274				110011001010
1104				10001010000
2208				100010100000
3312				110011110000
1105				10001010001
2210				100010100010
3315				110011110011
1106				10001010010
2211				100010100011
3313				110011110001
1107				10001010011
2209				100010100001
3314				110011110010
1108				10001010100
2216				100010101000
3324				110011111100
1109				10001010101
2218				100010101010
3327				110011111111
1110				10001010110
2219				100010101011
3325				110011111101
1111				10001010111
2217				100010101001
3326				110011111110
1112				10001011000
2220				100010101100
3316				110011110100
1113				10001011001
2222				100010101110
3319				110011110111
1114				10001011010
2223				100010101111
3317				110011110101
1115				10001011011
2221				100010101101
3318				110011110110
1116				10001011100
2212				100010100100
3320				110011111000
1117				10001011101
2214				100010100110
3323				110011111011
1118				10001011110
2215				100010100111
3321				110011111001
1119				10001011111
2213				100010100101
3322				110011111010
1120				10001100000
2224				100010110000
3280				110011010000
1121				10001100001
2226				100010110010
3283				110011010011
1122				10001100010
2227				100010110011
3281				110011010001
1123				10001100011
2225				100010110001
3282				110011010010
1124				10001100100
2232				100010111000
3292				110011011100
1125				10001100101
2234				100010111010
3295				110011011111
1126				10001100110
2235				100010111011
3293				110011011101
1127				10001100111
2233				100010111001
3294				110011011110
1128				10001101000
2236				100010111100
3284				110011010100
1129				10001101001
2238				100010111110
3287				110011010111
1130				10001101010
2239				100010111111
3285				110011010101
1131				10001101011
2237				100010111101
3286				110011010110
1132				10001101100
2228				100010110100
3288				110011011000
1133				10001101101
2230				100010110110
3291				110011011011
1134				10001101110
2231				100010110111
3289				110011011001
1135				10001101111
2229				100010110101
3290				110011011010
1136				10001110000
2192				100010010000
3296				110011100000
1137				10001110001
2194				100010010010
3299				110011100011
1138				10001110010
2195				100010010011
3297				110011100001
1139				10001110011
2193				100010010001
3298				110011100010
1140				10001110100
2200				100010011000
3308				110011101100
1141				10001110101
2202				100010011010
3311				110011101111
1142				10001110110
2203				100010011011
3309				110011101101
1143				10001110111
2201				100010011001
3310				110011101110
1144				10001111000
2204				100010011100
3300				110011100100
1145				10001111001
2206				100010011110
3303				110011100111
1146				10001111010
2207				100010011111
3301				110011100101
1147				10001111011
2205				100010011101
3302				110011100110
1148				10001111100
2196				100010010100
3304				110011101000
1149				10001111101
2198				100010010110
3307				110011101011
1150				10001111110
2199				100010010111
3305				110011101001
1151				10001111111
2197				100010010101
3306				110011101010
1152				10010000000
2240				100011000000
3136				110001000000
1153				10010000001
2242				100011000010
3139				110001000011
1154				10010000010
2243				100011000011
3137				110001000001
1155				10010000011
2241				100011000001
3138				110001000010
1156				10010000100
2248				100011001000
3148				110001001100
1157				10010000101
2250				100011001010
3151				110001001111
1158				10010000110
2251				100011001011
3149				110001001101
1159				10010000111
2249				100011001001
3150				110001001110
1160				10010001000
2252				100011001100
3140				110001000100
1161				10010001001
2254				100011001110
3143				110001000111
1162				10010001010
2255				100011001111
3141				110001000101
1163				10010001011
2253				100011001101
3142				110001000110
1164				10010001100
2244				100011000100
3144				110001001000
1165				10010001101
2246				100011000110
3147				110001001011
1166				10010001110
2247				100011000111
3145				110001001001
1167				10010001111
2245				100011000101
3146				110001001010
1168				10010010000
2272				100011100000
3184				110001110000
1169				10010010001
2274				100011100010
3187				110001110011
1170				10010010010
2275				100011100011
3185				110001110001
1171				10010010011
2273				100011100001
3186				110001110010
1172				10010010100
2280				100011101000
3196				110001111100
1173				10010010101
2282				100011101010
3199				110001111111
1174				10010010110
2283				100011101011
3197				110001111101
1175				10010010111
2281				100011101001
3198				110001111110
1176				10010011000
2284				100011101100
3188				110001110100
1177				10010011001
2286				100011101110
3191				110001110111
1178				10010011010
2287				100011101111
3189				110001110101
1179				10010011011
2285				100011101101
3190				110001110110
1180				10010011100
2276				100011100100
3192				110001111000
1181				10010011101
2278				100011100110
3195				110001111011
1182				10010011110
2279				100011100111
3193				110001111001
1183				10010011111
2277				100011100101
3194				110001111010
1184				10010100000
2288				100011110000
3152				110001010000
1185				10010100001
2290				100011110010
3155				110001010011
1186				10010100010
2291				100011110011
3153				110001010001
1187				10010100011
2289				100011110001
3154				110001010010
1188				10010100100
2296				100011111000
3164				110001011100
1189				10010100101
2298				100011111010
3167				110001011111
1190				10010100110
2299				100011111011
3165				110001011101
1191				10010100111
2297				100011111001
3166				110001011110
1192				10010101000
2300				100011111100
3156				110001010100
1193				10010101001
2302				100011111110
3159				110001010111
1194				10010101010
2303				100011111111
3157				110001010101
1195				10010101011
2301				100011111101
3158				110001010110
1196				10010101100
2292				100011110100
3160				110001011000
1197				10010101101
2294				100011110110
3163				110001011011
1198				10010101110
2295				100011110111
3161				110001011001
1199				10010101111
2293				100011110101
3162				110001011010
1200				10010110000
2256				100011010000
3168				110001100000
1201				10010110001
2258				100011010010
3171				110001100011
1202				10010110010
2259				100011010011
3169				110001100001
1203				10010110011
2257				100011010001
3170				110001100010
1204				10010110100
2264				100011011000
3180				110001101100
1205				10010110101
2266				100011011010
3183				110001101111
1206				10010110110
2267				100011011011
3181				110001101101
1207				10010110111
2265				100011011001
3182				110001101110
1208				10010111000
2268				100011011100
3172				110001100100
1209				10010111001
2270				100011011110
3175				110001100111
1210				10010111010
2271				100011011111
3173				110001100101
1211				10010111011
2269				100011011101
3174				110001100110
1212				10010111100
2260				100011010100
3176				110001101000
1213				10010111101
2262				100011010110
3179				110001101011
1214				10010111110
2263				100011010111
3177				110001101001
1215				10010111111
2261				100011010101
3178				110001101010
1216				10011000000
2112				100001000000
3200				110010000000
1217				10011000001
2114				100001000010
3203				110010000011
1218				10011000010
2115				100001000011
3201				110010000001
1219				10011000011
2113				100001000001
3202				110010000010
1220				10011000100
2120				100001001000
3212				110010001100
1221				10011000101
2122				100001001010
3215				110010001111
1222				10011000110
2123				100001001011
3213				110010001101
1223				10011000111
2121				100001001001
3214				110010001110
1224				10011001000
2124				100001001100
3204				110010000100
1225				10011001001
2126				100001001110
3207				110010000111
1226				10011001010
2127				100001001111
3205				110010000101
1227				10011001011
2125				100001001101
3206				110010000110
1228				10011001100
2116				100001000100
3208				110010001000
1229				10011001101
2118				100001000110
3211				110010001011
1230				10011001110
2119				100001000111
3209				110010001001
1231				10011001111
2117				100001000101
3210				110010001010
1232				10011010000
2144				100001100000
3248				110010110000
1233				10011010001
2146				100001100010
3251				110010110011
1234				10011010010
2147				100001100011
3249				110010110001
1235				10011010011
2145				100001100001
3250				110010110010
1236				10011010100
2152				100001101000
3260				110010111100
1237				10011010101
2154				100001101010
3263				110010111111
1238				10011010110
2155				100001101011
3261				110010111101
1239				10011010111
2153				100001101001
3262				110010111110
1240				10011011000
2156				100001101100
3252				110010110100
1241				10011011001
2158				100001101110
3255				110010110111
1242				10011011010
2159				100001101111
3253				110010110101
1243				10011011011
2157				100001101101
3254				110010110110
1244				10011011100
2148				100001100100
3256				110010111000
1245				10011011101
2150				100001100110
3259				110010111011
1246				10011011110
2151				100001100111
3257				110010111001
1247				10011011111
2149				100001100101
3258				110010111010
1248				10011100000
2160				100001110000
3216				110010010000
1249				10011100001
2162				100001110010
3219				110010010011
1250				10011100010
2163				100001110011
3217				110010010001
1251				10011100011
2161				100001110001
3218				110010010010
1252				10011100100
2168				100001111000
3228				110010011100
1253				10011100101
2170				100001111010
3231				110010011111
1254				10011100110
2171				100001111011
3229				110010011101
1255				10011100111
2169				100001111001
3230				110010011110
1256				10011101000
2172				100001111100
3220				110010010100
1257				10011101001
2174				100001111110
3223				110010010111
1258				10011101010
2175				100001111111
3221				110010010101
1259				10011101011
2173				100001111101
3222				110010010110
1260				10011101100
2164				100001110100
3224				110010011000
1261				10011101101
2166				100001110110
3227				110010011011
1262				10011101110
2167				100001110111
3225				110010011001
1263				10011101111
2165				100001110101
3226				110010011010
1264				10011110000
2128				100001010000
3232				110010100000
1265				10011110001
2130				100001010010
3235				110010100011
1266				10011110010
2131				100001010011
3233				110010100001
1267				10011110011
2129				100001010001
3234				110010100010
1268				10011110100
2136				100001011000
3244				110010101100
1269				10011110101
2138				100001011010
3247				110010101111
1270				10011110110
2139				100001011011
3245				110010101101
1271				10011110111
2137				100001011001
3246				110010101110
1272				10011111000
2140				100001011100
3236				110010100100
1273				10011111001
2142				100001011110
3239				110010100111
1274				10011111010
2143				100001011111
3237				110010100101
1275				10011111011
2141				100001011101
3238				110010100110
1276				10011111100
2132				100001010100
3240				110010101000
1277				10011111101
2134				100001010110
3243				110010101011
1278				10011111110
2135				100001010111
3241				110010101001
1279				10011111111
2133				100001010101
3242				110010101010
1280				10100000000
2560				101000000000
3840				111100000000
1281				10100000001
2562				101000000010
3843				111100000011
1282				10100000010
2563				101000000011
3841				111100000001
1283				10100000011
2561				101000000001
3842				111100000010
1284				10100000100
2568				101000001000
3852				111100001100
1285				10100000101
2570				101000001010
3855				111100001111
1286				10100000110
2571				101000001011
3853				111100001101
1287				10100000111
2569				101000001001
3854				111100001110
1288				10100001000
2572				101000001100
3844				111100000100
1289				10100001001
2574				101000001110
3847				111100000111
1290				10100001010
2575				101000001111
3845				111100000101
1291				10100001011
2573				101000001101
3846				111100000110
1292				10100001100
2564				101000000100
3848				111100001000
1293				10100001101
2566				101000000110
3851				111100001011
1294				10100001110
2567				101000000111
3849				111100001001
1295				10100001111
2565				101000000101
3850				111100001010
1296				10100010000
2592				101000100000
3888				111100110000
1297				10100010001
2594				101000100010
3891				111100110011
1298				10100010010
2595				101000100011
3889				111100110001
1299				10100010011
2593				101000100001
3890				111100110010
1300				10100010100
2600				101000101000
3900				111100111100
1301				10100010101
2602				101000101010
3903				111100111111
1302				10100010110
2603				101000101011
3901				111100111101
1303				10100010111
2601				101000101001
3902				111100111110
1304				10100011000
2604				101000101100
3892				111100110100
1305				10100011001
2606				101000101110
3895				111100110111
1306				10100011010
2607				101000101111
3893				111100110101
1307				10100011011
2605				101000101101
3894				111100110110
1308				10100011100
2596				101000100100
3896				111100111000
1309				10100011101
2598				101000100110
3899				111100111011
1310				10100011110
2599				101000100111
3897				111100111001
1311				10100011111
2597				101000100101
3898				111100111010
1312				10100100000
2608				101000110000
3856				111100010000
1313				10100100001
2610				101000110010
3859				111100010011
1314				10100100010
2611				101000110011
3857				111100010001
1315				10100100011
2609				101000110001
3858				111100010010
1316				10100100100
2616				101000111000
3868				111100011100
1317				10100100101
2618				101000111010
3871				111100011111
1318				10100100110
2619				101000111011
3869				111100011101
1319				10100100111
2617				101000111001
3870				111100011110
1320				10100101000
2620				101000111100
3860				111100010100
1321				10100101001
2622				101000111110
3863				111100010111
1322				10100101010
2623				101000111111
3861				111100010101
1323				10100101011
2621				101000111101
3862				111100010110
1324				10100101100
2612				101000110100
3864				111100011000
1325				10100101101
2614				101000110110
3867				111100011011
1326				10100101110
2615				101000110111
3865				111100011001
1327				10100101111
2613				101000110101
3866				111100011010
1328				10100110000
2576				101000010000
3872				111100100000
1329				10100110001
2578				101000010010
3875				111100100011
1330				10100110010
2579				101000010011
3873				111100100001
1331				10100110011
2577				101000010001
3874				111100100010
1332				10100110100
2584				101000011000
3884				111100101100
1333				10100110101
2586				101000011010
3887				111100101111
1334				10100110110
2587				101000011011
3885				111100101101
1335				10100110111
2585				101000011001
3886				111100101110
1336				10100111000
2588				101000011100
3876				111100100100
1337				10100111001
2590				101000011110
3879				111100100111
1338				10100111010
2591				101000011111
3877				111100100101
1339				10100111011
2589				101000011101
3878				111100100110
1340				10100111100
2580				101000010100
3880				111100101000
1341				10100111101
2582				101000010110
3883				111100101011
1342				10100111110
2583				101000010111
3881				111100101001
1343				10100111111
2581				101000010101
3882				111100101010
1344				10101000000
2688				101010000000
4032				111111000000
1345				10101000001
2690				101010000010
4035				111111000011
1346				10101000010
2691				101010000011
4033				111111000001
1347				10101000011
2689				101010000001
4034				111111000010
1348				10101000100
2696				101010001000
4044				111111001100
1349				10101000101
2698				101010001010
4047				111111001111
1350				10101000110
2699				101010001011
4045				111111001101
1351				10101000111
2697				101010001001
4046				111111001110
1352				10101001000
2700				101010001100
4036				111111000100
1353				10101001001
2702				101010001110
4039				111111000111
1354				10101001010
2703				101010001111
4037				111111000101
1355				10101001011
2701				101010001101
4038				111111000110
1356				10101001100
2692				101010000100
4040				111111001000
1357				10101001101
2694				101010000110
4043				111111001011
1358				10101001110
2695				101010000111
4041				111111001001
1359				10101001111
2693				101010000101
4042				111111001010
1360				10101010000
2720				101010100000
4080				111111110000
1361				10101010001
2722				101010100010
4083				111111110011
1362				10101010010
2723				101010100011
4081				111111110001
1363				10101010011
2721				101010100001
4082				111111110010
1364				10101010100
2728				101010101000
4092				111111111100
1365				10101010101
2730				101010101010
4095				111111111111
1366				10101010110
2731				101010101011
4093				111111111101
1367				10101010111
2729				101010101001
4094				111111111110
1368				10101011000
2732				101010101100
4084				111111110100
1369				10101011001
2734				101010101110
4087				111111110111
1370				10101011010
2735				101010101111
4085				111111110101
1371				10101011011
2733				101010101101
4086				111111110110
1372				10101011100
2724				101010100100
4088				111111111000
1373				10101011101
2726				101010100110
4091				111111111011
1374				10101011110
2727				101010100111
4089				111111111001
1375				10101011111
2725				101010100101
4090				111111111010
1376				10101100000
2736				101010110000
4048				111111010000
1377				10101100001
2738				101010110010
4051				111111010011
1378				10101100010
2739				101010110011
4049				111111010001
1379				10101100011
2737				101010110001
4050				111111010010
1380				10101100100
2744				101010111000
4060				111111011100
1381				10101100101
2746				101010111010
4063				111111011111
1382				10101100110
2747				101010111011
4061				111111011101
1383				10101100111
2745				101010111001
4062				111111011110
1384				10101101000
2748				101010111100
4052				111111010100
1385				10101101001
2750				101010111110
4055				111111010111
1386				10101101010
2751				101010111111
4053				111111010101
1387				10101101011
2749				101010111101
4054				111111010110
1388				10101101100
2740				101010110100
4056				111111011000
1389				10101101101
2742				101010110110
4059				111111011011
1390				10101101110
2743				101010110111
4057				111111011001
1391				10101101111
2741				101010110101
4058				111111011010
1392				10101110000
2704				101010010000
4064				111111100000
1393				10101110001
2706				101010010010
4067				111111100011
1394				10101110010
2707				101010010011
4065				111111100001
1395				10101110011
2705				101010010001
4066				111111100010
1396				10101110100
2712				101010011000
4076				111111101100
1397				10101110101
2714				101010011010
4079				111111101111
1398				10101110110
2715				101010011011
4077				111111101101
1399				10101110111
2713				101010011001
4078				111111101110
1400				10101111000
2716				101010011100
4068				111111100100
1401				10101111001
2718				101010011110
4071				111111100111
1402				10101111010
2719				101010011111
4069				111111100101
1403				10101111011
2717				101010011101
4070				111111100110
1404				10101111100
2708				101010010100
4072				111111101000
1405				10101111101
2710				101010010110
4075				111111101011
1406				10101111110
2711				101010010111
4073				111111101001
1407				10101111111
2709				101010010101
4074				111111101010
1408				10110000000
2752				101011000000
3904				111101000000
1409				10110000001
2754				101011000010
3907				111101000011
1410				10110000010
2755				101011000011
3905				111101000001
1411				10110000011
2753				101011000001
3906				111101000010
1412				10110000100
2760				101011001000
3916				111101001100
1413				10110000101
2762				101011001010
3919				111101001111
1414				10110000110
2763				101011001011
3917				111101001101
1415				10110000111
2761				101011001001
3918				111101001110
1416				10110001000
2764				101011001100
3908				111101000100
1417				10110001001
2766				101011001110
3911				111101000111
1418				10110001010
2767				101011001111
3909				111101000101
1419				10110001011
2765				101011001101
3910				111101000110
1420				10110001100
2756				101011000100
3912				111101001000
1421				10110001101
2758				101011000110
3915				111101001011
1422				10110001110
2759				101011000111
3913				111101001001
1423				10110001111
2757				101011000101
3914				111101001010
1424				10110010000
2784				101011100000
3952				111101110000
1425				10110010001
2786				101011100010
3955				111101110011
1426				10110010010
2787				101011100011
3953				111101110001
1427				10110010011
2785				101011100001
3954				111101110010
1428				10110010100
2792				101011101000
3964				111101111100
1429				10110010101
2794				101011101010
3967				111101111111
1430				10110010110
2795				101011101011
3965				111101111101
1431				10110010111
2793				101011101001
3966				111101111110
1432				10110011000
2796				101011101100
3956				111101110100
1433				10110011001
2798				101011101110
3959				111101110111
1434				10110011010
2799				101011101111
3957				111101110101
1435				10110011011
2797				101011101101
3958				111101110110
1436				10110011100
2788				101011100100
3960				111101111000
1437				10110011101
2790				101011100110
3963				111101111011
1438				10110011110
2791				101011100111
3961				111101111001
1439				10110011111
2789				101011100101
3962				111101111010
1440				10110100000
2800				101011110000
3920				111101010000
1441				10110100001
2802				101011110010
3923				111101010011
1442				10110100010
2803				101011110011
3921				111101010001
1443				10110100011
2801				101011110001
3922				111101010010
1444				10110100100
2808				101011111000
3932				111101011100
1445				10110100101
2810				101011111010
3935				111101011111
1446				10110100110
2811				101011111011
3933				111101011101
1447				10110100111
2809				101011111001
3934				111101011110
1448				10110101000
2812				101011111100
3924				111101010100
1449				10110101001
2814				101011111110
3927				111101010111
1450				10110101010
2815				101011111111
3925				111101010101
1451				10110101011
2813				101011111101
3926				111101010110
1452				10110101100
2804				101011110100
3928				111101011000
1453				10110101101
2806				101011110110
3931				111101011011
1454				10110101110
2807				101011110111
3929				111101011001
1455				10110101111
2805				101011110101
3930				111101011010
1456				10110110000
2768				101011010000
3936				111101100000
1457				10110110001
2770				101011010010
3939				111101100011
1458				10110110010
2771				101011010011
3937				111101100001
1459				10110110011
2769				101011010001
3938				111101100010
1460				10110110100
2776				101011011000
3948				111101101100
1461				10110110101
2778				101011011010
3951				111101101111
1462				10110110110
2779				101011011011
3949				111101101101
1463				10110110111
2777				101011011001
3950				111101101110
1464				10110111000
2780				101011011100
3940				111101100100
1465				10110111001
2782				101011011110
3943				111101100111
1466				10110111010
2783				101011011111
3941				111101100101
1467				10110111011
2781				101011011101
3942				111101100110
1468				10110111100
2772				101011010100
3944				111101101000
1469				10110111101
2774				101011010110
3947				111101101011
1470				10110111110
2775				101011010111
3945				111101101001
1471				10110111111
2773				101011010101
3946				111101101010
1472				10111000000
2624				101001000000
3968				111110000000
1473				10111000001
2626				101001000010
3971				111110000011
1474				10111000010
2627				101001000011
3969				111110000001
1475				10111000011
2625				101001000001
3970				111110000010
1476				10111000100
2632				101001001000
3980				111110001100
1477				10111000101
2634				101001001010
3983				111110001111
1478				10111000110
2635				101001001011
3981				111110001101
1479				10111000111
2633				101001001001
3982				111110001110
1480				10111001000
2636				101001001100
3972				111110000100
1481				10111001001
2638				101001001110
3975				111110000111
1482				10111001010
2639				101001001111
3973				111110000101
1483				10111001011
2637				101001001101
3974				111110000110
1484				10111001100
2628				101001000100
3976				111110001000
1485				10111001101
2630				101001000110
3979				111110001011
1486				10111001110
2631				101001000111
3977				111110001001
1487				10111001111
2629				101001000101
3978				111110001010
1488				10111010000
2656				101001100000
4016				111110110000
1489				10111010001
2658				101001100010
4019				111110110011
1490				10111010010
2659				101001100011
4017				111110110001
1491				10111010011
2657				101001100001
4018				111110110010
1492				10111010100
2664				101001101000
4028				111110111100
1493				10111010101
2666				101001101010
4031				111110111111
1494				10111010110
2667				101001101011
4029				111110111101
1495				10111010111
2665				101001101001
4030				111110111110
1496				10111011000
2668				101001101100
4020				111110110100
1497				10111011001
2670				101001101110
4023				111110110111
1498				10111011010
2671				101001101111
4021				111110110101
1499				10111011011
2669				101001101101
4022				111110110110
1500				10111011100
2660				101001100100
4024				111110111000
1501				10111011101
2662				101001100110
4027				111110111011
1502				10111011110
2663				101001100111
4025				111110111001
1503				10111011111
2661				101001100101
4026				111110111010
1504				10111100000
2672				101001110000
3984				111110010000
1505				10111100001
2674				101001110010
3987				111110010011
1506				10111100010
2675				101001110011
3985				111110010001
1507				10111100011
2673				101001110001
3986				111110010010
1508				10111100100
2680				101001111000
3996				111110011100
1509				10111100101
2682				101001111010
3999				111110011111
1510				10111100110
2683				101001111011
3997				111110011101
1511				10111100111
2681				101001111001
3998				111110011110
1512				10111101000
2684				101001111100
3988				111110010100
1513				10111101001
2686				101001111110
3991				111110010111
1514				10111101010
2687				101001111111
3989				111110010101
1515				10111101011
2685				101001111101
3990				111110010110
1516				10111101100
2676				101001110100
3992				111110011000
1517				10111101101
2678				101001110110
3995				111110011011
1518				10111101110
2679				101001110111
3993				111110011001
1519				10111101111
2677				101001110101
3994				111110011010
1520				10111110000
2640				101001010000
4000				111110100000
1521				10111110001
2642				101001010010
4003				111110100011
1522				10111110010
2643				101001010011
4001				111110100001
1523				10111110011
2641				101001010001
4002				111110100010
1524				10111110100
2648				101001011000
4012				111110101100
1525				10111110101
2650				101001011010
4015				111110101111
1526				10111110110
2651				101001011011
4013				111110101101
1527				10111110111
2649				101001011001
4014				111110101110
1528				10111111000
2652				101001011100
4004				111110100100
1529				10111111001
2654				101001011110
4007				111110100111
1530				10111111010
2655				101001011111
4005				111110100101
1531				10111111011
2653				101001011101
4006				111110100110
1532				10111111100
2644				101001010100
4008				111110101000
1533				10111111101
2646				101001010110
4011				111110101011
1534				10111111110
2647				101001010111
4009				111110101001
1535				10111111111
2645				101001010101
4010				111110101010
1536				11000000000
2816				101100000000
3328				110100000000
1537				11000000001
2818				101100000010
3331				110100000011
1538				11000000010
2819				101100000011
3329				110100000001
1539				11000000011
2817				101100000001
3330				110100000010
1540				11000000100
2824				101100001000
3340				110100001100
1541				11000000101
2826				101100001010
3343				110100001111
1542				11000000110
2827				101100001011
3341				110100001101
1543				11000000111
2825				101100001001
3342				110100001110
1544				11000001000
2828				101100001100
3332				110100000100
1545				11000001001
2830				101100001110
3335				110100000111
1546				11000001010
2831				101100001111
3333				110100000101
1547				11000001011
2829				101100001101
3334				110100000110
1548				11000001100
2820				101100000100
3336				110100001000
1549				11000001101
2822				101100000110
3339				110100001011
1550				11000001110
2823				101100000111
3337				110100001001
1551				11000001111
2821				101100000101
3338				110100001010
1552				11000010000
2848				101100100000
3376				110100110000
1553				11000010001
2850				101100100010
3379				110100110011
1554				11000010010
2851				101100100011
3377				110100110001
1555				11000010011
2849				101100100001
3378				110100110010
1556				11000010100
2856				101100101000
3388				110100111100
1557				11000010101
2858				101100101010
3391				110100111111
1558				11000010110
2859				101100101011
3389				110100111101
1559				11000010111
2857				101100101001
3390				110100111110
1560				11000011000
2860				101100101100
3380				110100110100
1561				11000011001
2862				101100101110
3383				110100110111
1562				11000011010
2863				101100101111
3381				110100110101
1563				11000011011
2861				101100101101
3382				110100110110
1564				11000011100
2852				101100100100
3384				110100111000
1565				11000011101
2854				101100100110
3387				110100111011
1566				11000011110
2855				101100100111
3385				110100111001
1567				11000011111
2853				101100100101
3386				110100111010
1568				11000100000
2864				101100110000
3344				110100010000
1569				11000100001
2866				101100110010
3347				110100010011
1570				11000100010
2867				101100110011
3345				110100010001
1571				11000100011
2865				101100110001
3346				110100010010
1572				11000100100
2872				101100111000
3356				110100011100
1573				11000100101
2874				101100111010
3359				110100011111
1574				11000100110
2875				101100111011
3357				110100011101
1575				11000100111
2873				101100111001
3358				110100011110
1576				11000101000
2876				101100111100
3348				110100010100
1577				11000101001
2878				101100111110
3351				110100010111
1578				11000101010
2879				101100111111
3349				110100010101
1579				11000101011
2877				101100111101
3350				110100010110
1580				11000101100
2868				101100110100
3352				110100011000
1581				11000101101
2870				101100110110
3355				110100011011
1582				11000101110
2871				101100110111
3353				110100011001
1583				11000101111
2869				101100110101
3354				110100011010
1584				11000110000
2832				101100010000
3360				110100100000
1585				11000110001
2834				101100010010
3363				110100100011
1586				11000110010
2835				101100010011
3361				110100100001
1587				11000110011
2833				101100010001
3362				110100100010
1588				11000110100
2840				101100011000
3372				110100101100
1589				11000110101
2842				101100011010
3375				110100101111
1590				11000110110
2843				101100011011
3373				110100101101
1591				11000110111
2841				101100011001
3374				110100101110
1592				11000111000
2844				101100011100
3364				110100100100
1593				11000111001
2846				101100011110
3367				110100100111
1594				11000111010
2847				101100011111
3365				110100100101
1595				11000111011
2845				101100011101
3366				110100100110
1596				11000111100
2836				101100010100
3368				110100101000
1597				11000111101
2838				101100010110
3371				110100101011
1598				11000111110
2839				101100010111
3369				110100101001
1599				11000111111
2837				101100010101
3370				110100101010
1600				11001000000
2944				101110000000
3520				110111000000
1601				11001000001
2946				101110000010
3523				110111000011
1602				11001000010
2947				101110000011
3521				110111000001
1603				11001000011
2945				101110000001
3522				110111000010
1604				11001000100
2952				101110001000
3532				110111001100
1605				11001000101
2954				101110001010
3535				110111001111
1606				11001000110
2955				101110001011
3533				110111001101
1607				11001000111
2953				101110001001
3534				110111001110
1608				11001001000
2956				101110001100
3524				110111000100
1609				11001001001
2958				101110001110
3527				110111000111
1610				11001001010
2959				101110001111
3525				110111000101
1611				11001001011
2957				101110001101
3526				110111000110
1612				11001001100
2948				101110000100
3528				110111001000
1613				11001001101
2950				101110000110
3531				110111001011
1614				11001001110
2951				101110000111
3529				110111001001
1615				11001001111
2949				101110000101
3530				110111001010
1616				11001010000
2976				101110100000
3568				110111110000
1617				11001010001
2978				101110100010
3571				110111110011
1618				11001010010
2979				101110100011
3569				110111110001
1619				11001010011
2977				101110100001
3570				110111110010
1620				11001010100
2984				101110101000
3580				110111111100
1621				11001010101
2986				101110101010
3583				110111111111
1622				11001010110
2987				101110101011
3581				110111111101
1623				11001010111
2985				101110101001
3582				110111111110
1624				11001011000
2988				101110101100
3572				110111110100
1625				11001011001
2990				101110101110
3575				110111110111
1626				11001011010
2991				101110101111
3573				110111110101
1627				11001011011
2989				101110101101
3574				110111110110
1628				11001011100
2980				101110100100
3576				110111111000
1629				11001011101
2982				101110100110
3579				110111111011
1630				11001011110
2983				101110100111
3577				110111111001
1631				11001011111
2981				101110100101
3578				110111111010
1632				11001100000
2992				101110110000
3536				110111010000
1633				11001100001
2994				101110110010
3539				110111010011
1634				11001100010
2995				101110110011
3537				110111010001
1635				11001100011
2993				101110110001
3538				110111010010
1636				11001100100
3000				101110111000
3548				110111011100
1637				11001100101
3002				101110111010
3551				110111011111
1638				11001100110
3003				101110111011
3549				110111011101
1639				11001100111
3001				101110111001
3550				110111011110
1640				11001101000
3004				101110111100
3540				110111010100
1641				11001101001
3006				101110111110
3543				110111010111
1642				11001101010
3007				101110111111
3541				110111010101
1643				11001101011
3005				101110111101
3542				110111010110
1644				11001101100
2996				101110110100
3544				110111011000
1645				11001101101
2998				101110110110
3547				110111011011
1646				11001101110
2999				101110110111
3545				110111011001
1647				11001101111
2997				101110110101
3546				110111011010
1648				11001110000
2960				101110010000
3552				110111100000
1649				11001110001
2962				101110010010
3555				110111100011
1650				11001110010
2963				101110010011
3553				110111100001
1651				11001110011
2961				101110010001
3554				110111100010
1652				11001110100
2968				101110011000
3564				110111101100
1653				11001110101
2970				101110011010
3567				110111101111
1654				11001110110
2971				101110011011
3565				110111101101
1655				11001110111
2969				101110011001
3566				110111101110
1656				11001111000
2972				101110011100
3556				110111100100
1657				11001111001
2974				101110011110
3559				110111100111
1658				11001111010
2975				101110011111
3557				110111100101
1659				11001111011
2973				101110011101
3558				110111100110
1660				11001111100
2964				101110010100
3560				110111101000
1661				11001111101
2966				101110010110
3563				110111101011
1662				11001111110
2967				101110010111
3561				110111101001
1663				11001111111
2965				101110010101
3562				110111101010
1664				11010000000
3008				101111000000
3392				110101000000
1665				11010000001
3010				101111000010
3395				110101000011
1666				11010000010
3011				101111000011
3393				110101000001
1667				11010000011
3009				101111000001
3394				110101000010
1668				11010000100
3016				101111001000
3404				110101001100
1669				11010000101
3018				101111001010
3407				110101001111
1670				11010000110
3019				101111001011
3405				110101001101
1671				11010000111
3017				101111001001
3406				110101001110
1672				11010001000
3020				101111001100
3396				110101000100
1673				11010001001
3022				101111001110
3399				110101000111
1674				11010001010
3023				101111001111
3397				110101000101
1675				11010001011
3021				101111001101
3398				110101000110
1676				11010001100
3012				101111000100
3400				110101001000
1677				11010001101
3014				101111000110
3403				110101001011
1678				11010001110
3015				101111000111
3401				110101001001
1679				11010001111
3013				101111000101
3402				110101001010
1680				11010010000
3040				101111100000
3440				110101110000
1681				11010010001
3042				101111100010
3443				110101110011
1682				11010010010
3043				101111100011
3441				110101110001
