2
9
22
9
69
71
95
32
122
39
146
289
32
191
260
73
59
87
68
245
57
101
59
68
44
173
37
91
75
311
62
227
140
111
77
145
117
55
151
124
38
170
250
39
71
56
115
416
260
112
81
330
93
159
24
318
72
36
66
52
134
238
364
140
132
16
86
48
85
98
313
49
229
33
141
78
37
345
276
193
204
73
109
38
84
34
44
86
55
156
114
280
144
55
83
306
65
77
41
62
84
44
347
89
66
146
26
103
100
137
222
47
216
131
199
72
420
339
212
239
78
230
327
108
257
166
33
184
144
193
54
94
105
148
199
288
249
55
153
175
55
33
62
134
103
100
84
56
94
38
220
62
78
106
76
180
184
197
190
279
93
51
98
122
158
35
55
185
66
199
52
73
401
116
241
27
380
139
173
113
35
479
237
179
89
47
124
111
95
88
117
69
73
55
117
472
55
315
141
114
151
135
160
86
76
55
42
115
162
137
164
59
234
163
212
225
221
55
139
63
231
70
363
146
92
224
205
207
91
147
37
337
89
73
159
454
161
33
37
31
90
48
25
322
59
336
44
140
74
38
77
126
173
188
51
56
104
43
75
270
121
253
55
277
139
343
170
204
223
58
216
326
42
177
59
39
25
84
46
29
55
181
59
22
24
76
182
51
198
73
142
168
177
188
150
108
387
33
61
97
247
32
96
100
294
42
172
91
107
55
116
100
63
47
156
30
109
170
177
19
234
145
316
150
28
96
77
57
94
210
18
27
105
59
174
98
127
268
140
95
95
199
45
140
285
185
149
158
120
125
34
189
137
62
17
220
65
161
351
82
240
57
86
64
118
173
173
223
167
113
246
14
40
31
301
122
176
126
88
152
184
32
45
137
76
271
119
31
215
176
65
162
34
165
57
36
155
169
141
47
69
47
22
270
57
105
532
55
97
182
70
153
152
55
158
55
62
63
91
157
391
292
46
157
121
23
84
83
152
22
264
25
81
55
184
84
77
219
139
309
316
49
40
203
343
154
206
157
96
157
200
174
292
33
94
97
411
111
79
153
74
119
97
158
162
67
24
43
73
75
97
74
177
129
154
187
144
55
80
65
346
82
350
417
167
116
67
144
23
200
72
692
101
55
173
216
91
184
208
51
86
93
123
135
117
95
36
150
98
37
244
43
33
118
70
38
91
68
202
38
127
245
331
51
77
230
55
39
179
55
51
42
45
343
146
81
83
253
93
53
184
186
109
183
206
190
91
84
77
60
137
48
63
102
69
171
251
37
98
278
66
83
196
71
391
50
40
66
96
120
84
281
30
75
94
119
71
106
169
79
54
146
60
215
19
176
306
97
53
218
33
122
45
29
77
140
77
80
83
32
287
172
114
120
75
59
348
114
136
228
65
95
62
93
91
185
47
113
111
191
209
289
304
157
218
289
41
84
45
149
219
333
38
285
80
149
125
23
153
38
56
36
17
77
64
108
198
200
159
81
91
157
133
55
69
339
81
69
40
35
109
311
81
82
130
144
175
226
77
270
44
356
65
286
53
69
197
81
176
446
42
182
233
207
18
147
44
228
291
238
44
281
51
96
371
133
71
54
66
22
117
41
108
62
55
291
97
106
23
33
99
182
100
82
44
289
31
336
21
13
43
111
141
220
24
59
43
55
73
31
83
84
157
438
226
107
57
77
75
122
137
174
91
139
92
50
43
54
69
100
234
37
50
320
55
68
201
135
27
249
308
55
122
58
107
163
37
75
270
53
44
208
79
141
139
521
296
200
264
221
237
75
69
238
354
42
123
72
247
115
41
119
225
404
170
34
43
112
70
258
387
245
156
185
101
49
146
133
303
65
275
42
156
104
46
66
34
165
119
219
292
52
432
55
362
36
283
79
37
44
104
221
208
204
68
396
70
204
24
281
70
104
141
169
54
39
47
202
91
54
285
43
125
89
364
109
238
51
127
146
33
375
86
224
399
96
20
141
55
61
87
55
105
250
103
77
117
130
92
199
52
174
52
205
80
147
38
86
136
40
224
46
96
64
46
162
49
55
129
171
196
53
328
504
141
81
75
232
69
137
340
121
117
84
59
30
123
81
55
68
152
44
181
64
63
31
64
109
86
128
118
213
33
235
103
103
97
52
20
27
50
125
228
150
44
147
195
210
36
53
50
186
121
128
32
36
224
31
148
106
33
84
77
197
57
44
81
153
135
353
83
57
43
156
193
92
55
63
201
263
79
63
90
259
32
91
62
20
202
28
55
72
133
56
449
37
38
144
181
29
146
94
88
106
14
338350
36979280
118502
535863
739715
